<?xml version="1.0" encoding="UTF-8"?>
<!-- Generated by org.testng.reporters.JUnitXMLReporter -->
<testsuite hostname="DESKTOP-41FRB09" ignored="0" name="Sprint1" tests="3" failures="1" timestamp="19 May 2017 17:46:51 GMT" time="0.17" errors="0">
  <testcase name="testtwitter" time="0.03" classname="testng.class1"/>
  <testcase name="testfb" time="0.009" classname="testng.class2"/>
  <testcase name="testsnapchat" time="0.01" classname="testng.class3">
    <failure type="java.lang.AssertionError" message="expected [true] but found [false]">
      <![CDATA[java.lang.AssertionError: expected [true] but found [false]
	at testng.class3.testsnapchat(class3.java:10)
... Removed 29 stack frames]]>
    </failure>
  </testcase> <!-- testsnapchat -->
</testsuite> <!-- Sprint1 -->
